#! /usr/bin/vvp
:ivl_version "10.3 (stable)";
:ivl_delay_selection "TYPICAL";
:vpi_time_precision + 0;
:vpi_module "system";
:vpi_module "vhdl_sys";
:vpi_module "v2005_math";
:vpi_module "va_math";
S_0x557d0e0ee650 .scope module, "DataWrap" "DataWrap" 2 3;
 .timescale 0 0;
    .port_info 0 /OUTPUT 64 "valM"
    .port_info 1 /OUTPUT 4 "stat"
    .port_info 2 /INPUT 64 "valE"
    .port_info 3 /INPUT 64 "valA"
    .port_info 4 /INPUT 64 "valP"
    .port_info 5 /INPUT 4 "icode"
    .port_info 6 /INPUT 1 "instr_valid"
    .port_info 7 /INPUT 1 "imem_error"
    .port_info 8 /INPUT 1 "dmem_err"
    .port_info 9 /INPUT 1 "clk"
o0x7f2294fc3018 .functor BUFZ 1, C4<z>; HiZ drive
v0x557d0e10cb50_0 .net "clk", 0 0, o0x7f2294fc3018;  0 drivers
v0x557d0e10cc10_0 .net "dmem_err", 0 0, v0x557d0e10c4a0_0;  1 drivers
o0x7f2294fc32b8 .functor BUFZ 4, C4<zzzz>; HiZ drive
v0x557d0e10ccb0_0 .net "icode", 3 0, o0x7f2294fc32b8;  0 drivers
o0x7f2294fc32e8 .functor BUFZ 1, C4<z>; HiZ drive
v0x557d0e10cd80_0 .net "imem_error", 0 0, o0x7f2294fc32e8;  0 drivers
v0x557d0e10ce20_0 .var "inAdd", 63 0;
v0x557d0e10cf30_0 .var "inData", 63 0;
o0x7f2294fc3318 .functor BUFZ 1, C4<z>; HiZ drive
v0x557d0e10d000_0 .net "instr_valid", 0 0, o0x7f2294fc3318;  0 drivers
v0x557d0e10d0a0_0 .var "rEn", 0 0;
v0x557d0e10d170_0 .var "stat", 3 0;
o0x7f2294fc3378 .functor BUFZ 64, C4<zzzzzzzzzzzzzzzzzzzzzzzzzzzzzzzzzzzzzzzzzzzzzzzzzzzzzzzzzzzzzzzz>; HiZ drive
v0x557d0e10d230_0 .net "valA", 63 0, o0x7f2294fc3378;  0 drivers
o0x7f2294fc33a8 .functor BUFZ 64, C4<zzzzzzzzzzzzzzzzzzzzzzzzzzzzzzzzzzzzzzzzzzzzzzzzzzzzzzzzzzzzzzzz>; HiZ drive
v0x557d0e10d310_0 .net "valE", 63 0, o0x7f2294fc33a8;  0 drivers
v0x557d0e10d3f0_0 .net "valM", 63 0, v0x557d0e10c810_0;  1 drivers
o0x7f2294fc33d8 .functor BUFZ 64, C4<zzzzzzzzzzzzzzzzzzzzzzzzzzzzzzzzzzzzzzzzzzzzzzzzzzzzzzzzzzzzzzzz>; HiZ drive
v0x557d0e10d4e0_0 .net "valP", 63 0, o0x7f2294fc33d8;  0 drivers
v0x557d0e10d5a0_0 .var "wEn", 0 0;
E_0x557d0e0e69b0/0 .event edge, v0x557d0e10ccb0_0, v0x557d0e10d230_0, v0x557d0e10d310_0, v0x557d0e10d4e0_0;
E_0x557d0e0e69b0/1 .event edge, v0x557d0e10c4a0_0, v0x557d0e10cd80_0, v0x557d0e10d000_0;
E_0x557d0e0e69b0 .event/or E_0x557d0e0e69b0/0, E_0x557d0e0e69b0/1;
S_0x557d0e0ee8d0 .scope module, "A" "DataMem" 2 52, 3 2 0, S_0x557d0e0ee650;
 .timescale 0 0;
    .port_info 0 /OUTPUT 64 "outData"
    .port_info 1 /OUTPUT 1 "dmem_err"
    .port_info 2 /INPUT 64 "inData"
    .port_info 3 /INPUT 64 "inAdd"
    .port_info 4 /INPUT 1 "rEn"
    .port_info 5 /INPUT 1 "wEn"
    .port_info 6 /INPUT 1 "clk"
P_0x557d0e0b0070 .param/l "N" 0 3 3, +C4<00000000000000000000000001000000>;
v0x557d0e0b01c0_0 .net "clk", 0 0, o0x7f2294fc3018;  alias, 0 drivers
v0x557d0e10c4a0_0 .var "dmem_err", 0 0;
v0x557d0e10c560_0 .net "inAdd", 63 0, v0x557d0e10ce20_0;  1 drivers
v0x557d0e10c620_0 .net "inData", 63 0, v0x557d0e10cf30_0;  1 drivers
v0x557d0e10c700 .array "memory", 0 65535, 7 0;
v0x557d0e10c810_0 .var "outData", 63 0;
v0x557d0e10c8f0_0 .net "rEn", 0 0, v0x557d0e10d0a0_0;  1 drivers
v0x557d0e10c9b0_0 .net "wEn", 0 0, v0x557d0e10d5a0_0;  1 drivers
E_0x557d0e0f0780 .event posedge, v0x557d0e0b01c0_0;
    .scope S_0x557d0e0ee8d0;
T_0 ;
    %wait E_0x557d0e0f0780;
    %pushi/vec4 65536, 0, 64;
    %load/vec4 v0x557d0e10c560_0;
    %addi 7, 0, 64;
    %cmp/u;
    %flag_get/vec4 4;
    %flag_get/vec4 5;
    %or;
    %load/vec4 v0x557d0e10c8f0_0;
    %load/vec4 v0x557d0e10c9b0_0;
    %and;
    %or;
    %assign/vec4 v0x557d0e10c4a0_0, 0;
    %load/vec4 v0x557d0e10c4a0_0;
    %pad/u 32;
    %cmpi/ne 0, 0, 32;
    %jmp/0xz  T_0.0, 4;
    %load/vec4 v0x557d0e10c8f0_0;
    %load/vec4 v0x557d0e10c9b0_0;
    %inv;
    %and;
    %flag_set/vec4 8;
    %jmp/0xz  T_0.2, 8;
    %load/vec4 v0x557d0e10c560_0;
    %pad/u 65;
    %addi 0, 0, 65;
    %ix/vec4 4;
    %load/vec4a v0x557d0e10c700, 4;
    %ix/load 4, 0, 0;
    %ix/load 5, 0, 0;
    %flag_set/imm 4, 0;
    %assign/vec4/off/d v0x557d0e10c810_0, 4, 5;
    %load/vec4 v0x557d0e10c560_0;
    %pad/u 65;
    %addi 1, 0, 65;
    %ix/vec4 4;
    %load/vec4a v0x557d0e10c700, 4;
    %ix/load 4, 8, 0;
    %ix/load 5, 0, 0;
    %flag_set/imm 4, 0;
    %assign/vec4/off/d v0x557d0e10c810_0, 4, 5;
    %load/vec4 v0x557d0e10c560_0;
    %pad/u 65;
    %addi 2, 0, 65;
    %ix/vec4 4;
    %load/vec4a v0x557d0e10c700, 4;
    %ix/load 4, 16, 0;
    %ix/load 5, 0, 0;
    %flag_set/imm 4, 0;
    %assign/vec4/off/d v0x557d0e10c810_0, 4, 5;
    %load/vec4 v0x557d0e10c560_0;
    %pad/u 65;
    %addi 3, 0, 65;
    %ix/vec4 4;
    %load/vec4a v0x557d0e10c700, 4;
    %ix/load 4, 24, 0;
    %ix/load 5, 0, 0;
    %flag_set/imm 4, 0;
    %assign/vec4/off/d v0x557d0e10c810_0, 4, 5;
    %load/vec4 v0x557d0e10c560_0;
    %pad/u 65;
    %addi 4, 0, 65;
    %ix/vec4 4;
    %load/vec4a v0x557d0e10c700, 4;
    %ix/load 4, 32, 0;
    %ix/load 5, 0, 0;
    %flag_set/imm 4, 0;
    %assign/vec4/off/d v0x557d0e10c810_0, 4, 5;
    %load/vec4 v0x557d0e10c560_0;
    %pad/u 65;
    %addi 5, 0, 65;
    %ix/vec4 4;
    %load/vec4a v0x557d0e10c700, 4;
    %ix/load 4, 40, 0;
    %ix/load 5, 0, 0;
    %flag_set/imm 4, 0;
    %assign/vec4/off/d v0x557d0e10c810_0, 4, 5;
    %load/vec4 v0x557d0e10c560_0;
    %pad/u 65;
    %addi 6, 0, 65;
    %ix/vec4 4;
    %load/vec4a v0x557d0e10c700, 4;
    %ix/load 4, 48, 0;
    %ix/load 5, 0, 0;
    %flag_set/imm 4, 0;
    %assign/vec4/off/d v0x557d0e10c810_0, 4, 5;
    %load/vec4 v0x557d0e10c560_0;
    %pad/u 65;
    %addi 7, 0, 65;
    %ix/vec4 4;
    %load/vec4a v0x557d0e10c700, 4;
    %ix/load 4, 56, 0;
    %ix/load 5, 0, 0;
    %flag_set/imm 4, 0;
    %assign/vec4/off/d v0x557d0e10c810_0, 4, 5;
T_0.2 ;
    %load/vec4 v0x557d0e10c8f0_0;
    %inv;
    %load/vec4 v0x557d0e10c9b0_0;
    %and;
    %flag_set/vec4 8;
    %jmp/0xz  T_0.4, 8;
    %load/vec4 v0x557d0e10c620_0;
    %parti/s 8, 0, 2;
    %load/vec4 v0x557d0e10c560_0;
    %pad/u 65;
    %addi 0, 0, 65;
    %ix/vec4 3;
    %ix/load 4, 0, 0; Constant delay
    %assign/vec4/a/d v0x557d0e10c700, 0, 4;
    %load/vec4 v0x557d0e10c620_0;
    %parti/s 8, 8, 5;
    %load/vec4 v0x557d0e10c560_0;
    %pad/u 65;
    %addi 1, 0, 65;
    %ix/vec4 3;
    %ix/load 4, 0, 0; Constant delay
    %assign/vec4/a/d v0x557d0e10c700, 0, 4;
    %load/vec4 v0x557d0e10c620_0;
    %parti/s 8, 16, 6;
    %load/vec4 v0x557d0e10c560_0;
    %pad/u 65;
    %addi 2, 0, 65;
    %ix/vec4 3;
    %ix/load 4, 0, 0; Constant delay
    %assign/vec4/a/d v0x557d0e10c700, 0, 4;
    %load/vec4 v0x557d0e10c620_0;
    %parti/s 8, 24, 6;
    %load/vec4 v0x557d0e10c560_0;
    %pad/u 65;
    %addi 3, 0, 65;
    %ix/vec4 3;
    %ix/load 4, 0, 0; Constant delay
    %assign/vec4/a/d v0x557d0e10c700, 0, 4;
    %load/vec4 v0x557d0e10c620_0;
    %parti/s 8, 32, 7;
    %load/vec4 v0x557d0e10c560_0;
    %pad/u 65;
    %addi 4, 0, 65;
    %ix/vec4 3;
    %ix/load 4, 0, 0; Constant delay
    %assign/vec4/a/d v0x557d0e10c700, 0, 4;
    %load/vec4 v0x557d0e10c620_0;
    %parti/s 8, 40, 7;
    %load/vec4 v0x557d0e10c560_0;
    %pad/u 65;
    %addi 5, 0, 65;
    %ix/vec4 3;
    %ix/load 4, 0, 0; Constant delay
    %assign/vec4/a/d v0x557d0e10c700, 0, 4;
    %load/vec4 v0x557d0e10c620_0;
    %parti/s 8, 48, 7;
    %load/vec4 v0x557d0e10c560_0;
    %pad/u 65;
    %addi 6, 0, 65;
    %ix/vec4 3;
    %ix/load 4, 0, 0; Constant delay
    %assign/vec4/a/d v0x557d0e10c700, 0, 4;
    %load/vec4 v0x557d0e10c620_0;
    %parti/s 8, 56, 7;
    %load/vec4 v0x557d0e10c560_0;
    %pad/u 65;
    %addi 7, 0, 65;
    %ix/vec4 3;
    %ix/load 4, 0, 0; Constant delay
    %assign/vec4/a/d v0x557d0e10c700, 0, 4;
T_0.4 ;
    %jmp T_0.1;
T_0.0 ;
    %pushi/vec4 0, 0, 8;
    %ix/load 4, 0, 0;
    %ix/load 5, 0, 0;
    %flag_set/imm 4, 0;
    %assign/vec4/off/d v0x557d0e10c810_0, 4, 5;
    %pushi/vec4 0, 0, 8;
    %ix/load 4, 8, 0;
    %ix/load 5, 0, 0;
    %flag_set/imm 4, 0;
    %assign/vec4/off/d v0x557d0e10c810_0, 4, 5;
    %pushi/vec4 0, 0, 8;
    %ix/load 4, 16, 0;
    %ix/load 5, 0, 0;
    %flag_set/imm 4, 0;
    %assign/vec4/off/d v0x557d0e10c810_0, 4, 5;
    %pushi/vec4 0, 0, 8;
    %ix/load 4, 24, 0;
    %ix/load 5, 0, 0;
    %flag_set/imm 4, 0;
    %assign/vec4/off/d v0x557d0e10c810_0, 4, 5;
    %pushi/vec4 0, 0, 8;
    %ix/load 4, 32, 0;
    %ix/load 5, 0, 0;
    %flag_set/imm 4, 0;
    %assign/vec4/off/d v0x557d0e10c810_0, 4, 5;
    %pushi/vec4 0, 0, 8;
    %ix/load 4, 40, 0;
    %ix/load 5, 0, 0;
    %flag_set/imm 4, 0;
    %assign/vec4/off/d v0x557d0e10c810_0, 4, 5;
    %pushi/vec4 0, 0, 8;
    %ix/load 4, 48, 0;
    %ix/load 5, 0, 0;
    %flag_set/imm 4, 0;
    %assign/vec4/off/d v0x557d0e10c810_0, 4, 5;
    %pushi/vec4 0, 0, 8;
    %ix/load 4, 56, 0;
    %ix/load 5, 0, 0;
    %flag_set/imm 4, 0;
    %assign/vec4/off/d v0x557d0e10c810_0, 4, 5;
T_0.1 ;
    %jmp T_0;
    .thread T_0;
    .scope S_0x557d0e0ee650;
T_1 ;
    %wait E_0x557d0e0e69b0;
    %load/vec4 v0x557d0e10ccb0_0;
    %dup/vec4;
    %pushi/vec4 4, 0, 4;
    %cmp/u;
    %jmp/1 T_1.0, 6;
    %dup/vec4;
    %pushi/vec4 11, 0, 4;
    %cmp/u;
    %jmp/1 T_1.1, 6;
    %dup/vec4;
    %pushi/vec4 8, 0, 4;
    %cmp/u;
    %jmp/1 T_1.2, 6;
    %dup/vec4;
    %pushi/vec4 9, 0, 4;
    %cmp/u;
    %jmp/1 T_1.3, 6;
    %pushi/vec4 0, 0, 1;
    %assign/vec4 v0x557d0e10d0a0_0, 0;
    %pushi/vec4 0, 0, 1;
    %assign/vec4 v0x557d0e10d5a0_0, 0;
    %jmp T_1.5;
T_1.0 ;
    %pushi/vec4 0, 0, 1;
    %assign/vec4 v0x557d0e10d0a0_0, 0;
    %pushi/vec4 1, 0, 1;
    %assign/vec4 v0x557d0e10d5a0_0, 0;
    %load/vec4 v0x557d0e10d230_0;
    %assign/vec4 v0x557d0e10cf30_0, 0;
    %load/vec4 v0x557d0e10d310_0;
    %assign/vec4 v0x557d0e10ce20_0, 0;
    %jmp T_1.5;
T_1.1 ;
    %pushi/vec4 1, 0, 1;
    %assign/vec4 v0x557d0e10d0a0_0, 0;
    %pushi/vec4 0, 0, 1;
    %assign/vec4 v0x557d0e10d5a0_0, 0;
    %pushi/vec4 0, 0, 64;
    %assign/vec4 v0x557d0e10cf30_0, 0;
    %load/vec4 v0x557d0e10d230_0;
    %assign/vec4 v0x557d0e10ce20_0, 0;
    %jmp T_1.5;
T_1.2 ;
    %pushi/vec4 0, 0, 1;
    %assign/vec4 v0x557d0e10d0a0_0, 0;
    %pushi/vec4 1, 0, 1;
    %assign/vec4 v0x557d0e10d5a0_0, 0;
    %load/vec4 v0x557d0e10d4e0_0;
    %assign/vec4 v0x557d0e10cf30_0, 0;
    %load/vec4 v0x557d0e10d310_0;
    %assign/vec4 v0x557d0e10ce20_0, 0;
    %jmp T_1.5;
T_1.3 ;
    %pushi/vec4 1, 0, 1;
    %assign/vec4 v0x557d0e10d0a0_0, 0;
    %pushi/vec4 0, 0, 1;
    %assign/vec4 v0x557d0e10d5a0_0, 0;
    %pushi/vec4 0, 0, 64;
    %assign/vec4 v0x557d0e10cf30_0, 0;
    %load/vec4 v0x557d0e10d230_0;
    %assign/vec4 v0x557d0e10ce20_0, 0;
    %jmp T_1.5;
T_1.5 ;
    %pop/vec4 1;
    %pushi/vec4 0, 0, 4;
    %assign/vec4 v0x557d0e10d170_0, 0;
    %load/vec4 v0x557d0e10ccb0_0;
    %pad/u 32;
    %cmpi/e 0, 0, 32;
    %jmp/0xz  T_1.6, 4;
    %pushi/vec4 1, 0, 4;
    %assign/vec4 v0x557d0e10d170_0, 0;
T_1.6 ;
    %load/vec4 v0x557d0e10cc10_0;
    %flag_set/vec4 8;
    %load/vec4 v0x557d0e10cd80_0;
    %flag_set/vec4 9;
    %flag_or 9, 8;
    %jmp/0xz  T_1.8, 9;
    %pushi/vec4 2, 0, 4;
    %assign/vec4 v0x557d0e10d170_0, 0;
T_1.8 ;
    %load/vec4 v0x557d0e10d000_0;
    %nor/r;
    %flag_set/vec4 8;
    %jmp/0xz  T_1.10, 8;
    %pushi/vec4 3, 0, 4;
    %assign/vec4 v0x557d0e10d170_0, 0;
T_1.10 ;
    %jmp T_1;
    .thread T_1, $push;
# The file index is used to find the file name in the following table.
:file_names 4;
    "N/A";
    "<interactive>";
    "Data_memWrap.v";
    "./Data_Memory.v";
