#! /usr/bin/vvp
:ivl_version "10.3 (stable)";
:ivl_delay_selection "TYPICAL";
:vpi_time_precision + 0;
:vpi_module "system";
:vpi_module "vhdl_sys";
:vpi_module "v2005_math";
:vpi_module "va_math";
S_0x55c9a38e9100 .scope module, "predict_pc" "predict_pc" 2 1;
 .timescale 0 0;
    .port_info 0 /OUTPUT 64 "predPC"
    .port_info 1 /INPUT 4 "icode"
    .port_info 2 /INPUT 64 "valC"
    .port_info 3 /INPUT 64 "valP"
o0x7f6a9a08a018 .functor BUFZ 4, C4<zzzz>; HiZ drive
v0x55c9a38e9310_0 .net "icode", 3 0, o0x7f6a9a08a018;  0 drivers
v0x55c9a392c800_0 .var "predPC", 63 0;
o0x7f6a9a08a078 .functor BUFZ 64, C4<zzzzzzzzzzzzzzzzzzzzzzzzzzzzzzzzzzzzzzzzzzzzzzzzzzzzzzzzzzzzzzzz>; HiZ drive
v0x55c9a392c8e0_0 .net "valC", 63 0, o0x7f6a9a08a078;  0 drivers
o0x7f6a9a08a0a8 .functor BUFZ 64, C4<zzzzzzzzzzzzzzzzzzzzzzzzzzzzzzzzzzzzzzzzzzzzzzzzzzzzzzzzzzzzzzzz>; HiZ drive
v0x55c9a392c9a0_0 .net "valP", 63 0, o0x7f6a9a08a0a8;  0 drivers
E_0x55c9a38e9870 .event edge, v0x55c9a38e9310_0, v0x55c9a392c8e0_0, v0x55c9a392c9a0_0;
    .scope S_0x55c9a38e9100;
T_0 ;
    %wait E_0x55c9a38e9870;
    %load/vec4 v0x55c9a38e9310_0;
    %dup/vec4;
    %pushi/vec4 8, 0, 4;
    %cmp/u;
    %jmp/1 T_0.0, 6;
    %dup/vec4;
    %pushi/vec4 7, 0, 4;
    %cmp/u;
    %jmp/1 T_0.1, 6;
    %load/vec4 v0x55c9a392c9a0_0;
    %assign/vec4 v0x55c9a392c800_0, 0;
    %jmp T_0.3;
T_0.0 ;
    %load/vec4 v0x55c9a392c8e0_0;
    %assign/vec4 v0x55c9a392c800_0, 0;
    %jmp T_0.3;
T_0.1 ;
    %load/vec4 v0x55c9a392c8e0_0;
    %assign/vec4 v0x55c9a392c800_0, 0;
    %jmp T_0.3;
T_0.3 ;
    %pop/vec4 1;
    %jmp T_0;
    .thread T_0, $push;
# The file index is used to find the file name in the following table.
:file_names 3;
    "N/A";
    "<interactive>";
    "./Fetch_Logic/predict_pc.v";
